  [1m[35m (121.2ms)[0m  [1m[35mCREATE DATABASE `portfolio_development` DEFAULT CHARACTER SET `utf8mb4`[0m
  [1m[35m (40.7ms)[0m  [1m[35mCREATE DATABASE `portfolio_test` DEFAULT CHARACTER SET `utf8mb4`[0m
  [1m[35m (325.3ms)[0m  [1m[35mCREATE TABLE `schema_migrations` (`version` varchar(255) NOT NULL PRIMARY KEY)[0m
  [1m[35m (89.5ms)[0m  [1m[35mCREATE TABLE `ar_internal_metadata` (`key` varchar(255) NOT NULL PRIMARY KEY, `value` varchar(255), `created_at` datetime(6) NOT NULL, `updated_at` datetime(6) NOT NULL)[0m
  [1m[35m (3.4ms)[0m  [1m[34mSELECT GET_LOCK('4373051316486144390', 0)[0m
  [1m[36mActiveRecord::SchemaMigration Load (25.3ms)[0m  [1m[34mSELECT `schema_migrations`.`version` FROM `schema_migrations` ORDER BY `schema_migrations`.`version` ASC[0m
  [1m[36mActiveRecord::InternalMetadata Load (6.5ms)[0m  [1m[34mSELECT * FROM `ar_internal_metadata` WHERE `ar_internal_metadata`.`key` = 'environment' ORDER BY `ar_internal_metadata`.`key` ASC LIMIT 1[0m
  [1m[36mActiveRecord::InternalMetadata Create (28.0ms)[0m  [1m[32mINSERT INTO `ar_internal_metadata` (`key`, `value`, `created_at`, `updated_at`) VALUES ('environment', 'development', '2024-02-23 22:24:38.739965', '2024-02-23 22:24:38.739970')[0m
  [1m[35m (1.9ms)[0m  [1m[34mSELECT RELEASE_LOCK('4373051316486144390')[0m
  [1m[36mActiveRecord::SchemaMigration Load (0.7ms)[0m  [1m[34mSELECT `schema_migrations`.`version` FROM `schema_migrations` ORDER BY `schema_migrations`.`version` ASC[0m
  [1m[35m (29.7ms)[0m  [1m[35mCREATE DATABASE `portfolio_development` DEFAULT CHARACTER SET `utf8mb4`[0m
  [1m[35m (58.0ms)[0m  [1m[35mCREATE DATABASE `portfolio_test` DEFAULT CHARACTER SET `utf8mb4`[0m
  [1m[35m (2.5ms)[0m  [1m[34mSELECT GET_LOCK('4373051316486144390', 0)[0m
  [1m[36mActiveRecord::SchemaMigration Load (6.7ms)[0m  [1m[34mSELECT `schema_migrations`.`version` FROM `schema_migrations` ORDER BY `schema_migrations`.`version` ASC[0m
  [1m[36mActiveRecord::InternalMetadata Load (8.1ms)[0m  [1m[34mSELECT * FROM `ar_internal_metadata` WHERE `ar_internal_metadata`.`key` = 'environment' ORDER BY `ar_internal_metadata`.`key` ASC LIMIT 1[0m
  [1m[35m (1.3ms)[0m  [1m[34mSELECT RELEASE_LOCK('4373051316486144390')[0m
  [1m[36mActiveRecord::SchemaMigration Load (0.8ms)[0m  [1m[34mSELECT `schema_migrations`.`version` FROM `schema_migrations` ORDER BY `schema_migrations`.`version` ASC[0m
  [1m[35m (2.6ms)[0m  [1m[35mCREATE DATABASE `portfolio_development` DEFAULT CHARACTER SET `utf8mb4`[0m
  [1m[35m (6.7ms)[0m  [1m[35mCREATE DATABASE `portfolio_test` DEFAULT CHARACTER SET `utf8mb4`[0m
  [1m[35m (0.6ms)[0m  [1m[34mSELECT GET_LOCK('4373051316486144390', 0)[0m
  [1m[36mActiveRecord::SchemaMigration Load (1.0ms)[0m  [1m[34mSELECT `schema_migrations`.`version` FROM `schema_migrations` ORDER BY `schema_migrations`.`version` ASC[0m
  [1m[36mActiveRecord::InternalMetadata Load (1.1ms)[0m  [1m[34mSELECT * FROM `ar_internal_metadata` WHERE `ar_internal_metadata`.`key` = 'environment' ORDER BY `ar_internal_metadata`.`key` ASC LIMIT 1[0m
  [1m[35m (0.5ms)[0m  [1m[34mSELECT RELEASE_LOCK('4373051316486144390')[0m
  [1m[36mActiveRecord::SchemaMigration Load (0.7ms)[0m  [1m[34mSELECT `schema_migrations`.`version` FROM `schema_migrations` ORDER BY `schema_migrations`.`version` ASC[0m
  [1m[35m (4.2ms)[0m  [1m[35mCREATE DATABASE `portfolio_development` DEFAULT CHARACTER SET `utf8mb4`[0m
  [1m[35m (4.8ms)[0m  [1m[35mCREATE DATABASE `portfolio_test` DEFAULT CHARACTER SET `utf8mb4`[0m
  [1m[35m (0.4ms)[0m  [1m[34mSELECT GET_LOCK('4373051316486144390', 0)[0m
  [1m[36mActiveRecord::SchemaMigration Load (1.6ms)[0m  [1m[34mSELECT `schema_migrations`.`version` FROM `schema_migrations` ORDER BY `schema_migrations`.`version` ASC[0m
  [1m[36mActiveRecord::InternalMetadata Load (1.0ms)[0m  [1m[34mSELECT * FROM `ar_internal_metadata` WHERE `ar_internal_metadata`.`key` = 'environment' ORDER BY `ar_internal_metadata`.`key` ASC LIMIT 1[0m
  [1m[35m (0.4ms)[0m  [1m[34mSELECT RELEASE_LOCK('4373051316486144390')[0m
  [1m[36mActiveRecord::SchemaMigration Load (0.6ms)[0m  [1m[34mSELECT `schema_migrations`.`version` FROM `schema_migrations` ORDER BY `schema_migrations`.`version` ASC[0m
  [1m[35m (1.3ms)[0m  [1m[35mCREATE DATABASE `portfolio_development` DEFAULT CHARACTER SET `utf8mb4`[0m
  [1m[35m (2.1ms)[0m  [1m[35mCREATE DATABASE `portfolio_test` DEFAULT CHARACTER SET `utf8mb4`[0m
