  [1m[35m (42.6ms)[0m  [1m[35mCREATE DATABASE `portfolio_development` DEFAULT CHARACTER SET `utf8mb4`[0m
  [1m[35m (18.9ms)[0m  [1m[35mCREATE DATABASE `portfolio_test` DEFAULT CHARACTER SET `utf8mb4`[0m
  [1m[35m (2.5ms)[0m  [1m[34mSELECT GET_LOCK('4373051316486144390', 0)[0m
  [1m[36mActiveRecord::SchemaMigration Load (9.3ms)[0m  [1m[34mSELECT `schema_migrations`.`version` FROM `schema_migrations` ORDER BY `schema_migrations`.`version` ASC[0m
  [1m[36mActiveRecord::InternalMetadata Load (9.5ms)[0m  [1m[34mSELECT * FROM `ar_internal_metadata` WHERE `ar_internal_metadata`.`key` = 'environment' ORDER BY `ar_internal_metadata`.`key` ASC LIMIT 1[0m
  [1m[35m (2.7ms)[0m  [1m[34mSELECT RELEASE_LOCK('4373051316486144390')[0m
  [1m[36mActiveRecord::SchemaMigration Load (0.7ms)[0m  [1m[34mSELECT `schema_migrations`.`version` FROM `schema_migrations` ORDER BY `schema_migrations`.`version` ASC[0m
  [1m[35m (0.9ms)[0m  [1m[34mSELECT GET_LOCK('4373051316486144390', 0)[0m
  [1m[36mActiveRecord::SchemaMigration Load (5.5ms)[0m  [1m[34mSELECT `schema_migrations`.`version` FROM `schema_migrations` ORDER BY `schema_migrations`.`version` ASC[0m
  [1m[36mActiveRecord::InternalMetadata Load (2.8ms)[0m  [1m[34mSELECT * FROM `ar_internal_metadata` WHERE `ar_internal_metadata`.`key` = 'environment' ORDER BY `ar_internal_metadata`.`key` ASC LIMIT 1[0m
  [1m[35m (0.9ms)[0m  [1m[34mSELECT RELEASE_LOCK('4373051316486144390')[0m
  [1m[36mActiveRecord::SchemaMigration Load (1.0ms)[0m  [1m[34mSELECT `schema_migrations`.`version` FROM `schema_migrations` ORDER BY `schema_migrations`.`version` ASC[0m
  [1m[35m (17.3ms)[0m  [1m[35mCREATE DATABASE `portfolio_development` DEFAULT CHARACTER SET `utf8mb4`[0m
  [1m[35m (2.8ms)[0m  [1m[35mCREATE DATABASE `portfolio_test` DEFAULT CHARACTER SET `utf8mb4`[0m
  [1m[35m (38.0ms)[0m  [1m[35mCREATE TABLE `schema_migrations` (`version` varchar(255) NOT NULL PRIMARY KEY)[0m
  [1m[35m (13.1ms)[0m  [1m[35mCREATE TABLE `ar_internal_metadata` (`key` varchar(255) NOT NULL PRIMARY KEY, `value` varchar(255), `created_at` datetime(6) NOT NULL, `updated_at` datetime(6) NOT NULL)[0m
  [1m[35m (0.7ms)[0m  [1m[34mSELECT GET_LOCK('4373051316486144390', 0)[0m
  [1m[36mActiveRecord::SchemaMigration Load (6.6ms)[0m  [1m[34mSELECT `schema_migrations`.`version` FROM `schema_migrations` ORDER BY `schema_migrations`.`version` ASC[0m
  [1m[36mActiveRecord::InternalMetadata Load (3.2ms)[0m  [1m[34mSELECT * FROM `ar_internal_metadata` WHERE `ar_internal_metadata`.`key` = 'environment' ORDER BY `ar_internal_metadata`.`key` ASC LIMIT 1[0m
  [1m[36mActiveRecord::InternalMetadata Create (5.6ms)[0m  [1m[32mINSERT INTO `ar_internal_metadata` (`key`, `value`, `created_at`, `updated_at`) VALUES ('environment', 'development', '2024-02-25 10:56:42.822093', '2024-02-25 10:56:42.822096')[0m
  [1m[35m (0.7ms)[0m  [1m[34mSELECT RELEASE_LOCK('4373051316486144390')[0m
  [1m[36mActiveRecord::SchemaMigration Load (0.1ms)[0m  [1m[34mSELECT `schema_migrations`.`version` FROM `schema_migrations` ORDER BY `schema_migrations`.`version` ASC[0m
  [1m[35m (30.1ms)[0m  [1m[35mCREATE DATABASE `portfolio_development` DEFAULT CHARACTER SET `utf8mb4`[0m
  [1m[35m (13.1ms)[0m  [1m[35mCREATE DATABASE `portfolio_test` DEFAULT CHARACTER SET `utf8mb4`[0m
